<?xml version="1.0" encoding="UTF-8"?>
<!-- Generated by org.testng.reporters.JUnitReportReporter -->
<testsuite hostname="SadakarP" failures="0" tests="4" name="com.sadakar.testng.runner.CucumberRunner" time="22.429" errors="0" timestamp="2022-07-02T01:39:41 IST" skipped="0">
  <testcase classname="com.sadakar.testng.runner.CucumberRunner" name="runScenario" time="0.382"/>
  <system-out/>
  <testcase classname="com.sadakar.testng.runner.CucumberRunner" name="runScenario" time="12.334"/>
  <system-out/>
  <testcase classname="com.sadakar.testng.runner.CucumberRunner" name="runScenario" time="6.121"/>
  <system-out/>
  <testcase classname="com.sadakar.testng.runner.CucumberRunner" name="runScenario" time="3.592"/>
  <system-out/>
</testsuite> <!-- com.sadakar.testng.runner.CucumberRunner -->
